<?xml version="1.0" encoding="UTF-8"?>
<!-- Generated by org.testng.reporters.JUnitXMLReporter -->
<testsuite ignored="0" hostname="DESKTOP-HF98ENL" failures="0" tests="3" name="Stand ALone Test" time="20.417" errors="0" timestamp="2025-08-28T14:13:09 IST">
  <testcase classname="SeleniumFrameWorks.StandAloneTest2" name="submitOrder" time="5.746"/>
  <testcase classname="SeleniumFrameWorks.StandAloneTest2" name="submitOrder" time="5.971"/>
  <testcase classname="SeleniumFrameWorks.StandAloneTest2" name="orderVerifyInList" time="0.803"/>
</testsuite> <!-- Stand ALone Test -->
