<?xml version="1.0" encoding="UTF-8"?>
<testng-results ignored="0" total="1" passed="1" failed="0" skipped="0">
  <reporter-output>
  </reporter-output>
  <suite started-at="2025-08-28T15:37:06 IST" name="Surefire suite" finished-at="2025-08-28T15:37:10 IST" duration-ms="4019">
    <groups>
      <group name="cucumber">
        <method signature="AbstractTestNGCucumberTests.runScenario(io.cucumber.testng.PickleWrapper,io.cucumber.testng.FeatureWrapper)[pri:0, instance:cucumber.TestngRunner@31368b99]" name="runScenario" class="io.cucumber.testng.AbstractTestNGCucumberTests"/>
      </group> <!-- cucumber -->
    </groups>
    <test started-at="2025-08-28T15:37:06 IST" name="Surefire test" finished-at="2025-08-28T15:37:10 IST" duration-ms="4019">
      <class name="cucumber.TestngRunner">
        <test-method is-config="true" signature="setUpClass(org.testng.ITestContext)[pri:0, instance:cucumber.TestngRunner@31368b99]" started-at="2025-08-28T15:37:06 IST" name="setUpClass" finished-at="2025-08-28T15:37:07 IST" duration-ms="532" status="PASS">
          <params>
            <param index="0">
              <value>
                <![CDATA[org.testng.TestRunner@65d57e4e]]>
              </value>
            </param>
          </params>
          <reporter-output>
          </reporter-output>
        </test-method> <!-- setUpClass -->
        <test-method signature="runScenario(io.cucumber.testng.PickleWrapper,io.cucumber.testng.FeatureWrapper)[pri:0, instance:cucumber.TestngRunner@31368b99]" started-at="2025-08-28T15:37:07 IST" name="runScenario" description="Runs Cucumber Scenarios" data-provider="scenarios" finished-at="2025-08-28T15:37:10 IST" duration-ms="3432" status="PASS">
          <params>
            <param index="0">
              <value>
                <![CDATA["I perform negative test cases"]]>
              </value>
            </param>
            <param index="1">
              <value>
                <![CDATA["verify login page"]]>
              </value>
            </param>
          </params>
          <reporter-output>
          </reporter-output>
        </test-method> <!-- runScenario -->
        <test-method is-config="true" signature="tearDownClass()[pri:0, instance:cucumber.TestngRunner@31368b99]" started-at="2025-08-28T15:37:10 IST" name="tearDownClass" finished-at="2025-08-28T15:37:10 IST" duration-ms="23" status="PASS">
          <reporter-output>
          </reporter-output>
        </test-method> <!-- tearDownClass -->
      </class> <!-- cucumber.TestngRunner -->
    </test> <!-- Surefire test -->
  </suite> <!-- Surefire suite -->
</testng-results>
