<?xml version="1.0" encoding="UTF-8"?>
<!-- Generated by org.testng.reporters.JUnitXMLReporter -->
<testsuite ignored="2" hostname="DESKTOP-HF98ENL" failures="0" tests="0" time="0.008" errors="0" timestamp="2025-08-22T19:48:03 IST">
  <testcase classname="SeleniumFrameWorks.errorValidation" name="verifyOrder" time="0.0">
    <ignored/>
  </testcase> <!-- verifyOrder -->
  <testcase classname="SeleniumFrameWorks.errorValidation" name="submitOrder" time="0.0">
    <ignored/>
  </testcase> <!-- submitOrder -->
</testsuite>
