<?xml version="1.0" encoding="UTF-8"?>
<testng-results ignored="0" total="1" passed="1" failed="0" skipped="0">
  <reporter-output>
  </reporter-output>
  <suite started-at="2025-08-28T15:14:20 IST" name="Default suite" finished-at="2025-08-28T15:14:26 IST" duration-ms="5760">
    <groups>
      <group name="cucumber">
        <method signature="AbstractTestNGCucumberTests.runScenario(io.cucumber.testng.PickleWrapper,io.cucumber.testng.FeatureWrapper)[pri:0, instance:cucumber.TestngRunner@4d1c005e]" name="runScenario" class="io.cucumber.testng.AbstractTestNGCucumberTests"/>
      </group> <!-- cucumber -->
    </groups>
    <test started-at="2025-08-28T15:14:20 IST" name="Default test" finished-at="2025-08-28T15:14:26 IST" duration-ms="5760">
      <class name="cucumber.TestngRunner">
        <test-method is-config="true" signature="setUpClass(org.testng.ITestContext)[pri:0, instance:cucumber.TestngRunner@4d1c005e]" started-at="2025-08-28T15:14:20 IST" name="setUpClass" finished-at="2025-08-28T15:14:20 IST" duration-ms="483" status="PASS">
          <params>
            <param index="0">
              <value>
                <![CDATA[org.testng.TestRunner@5961e92d]]>
              </value>
            </param>
          </params>
          <reporter-output>
          </reporter-output>
        </test-method> <!-- setUpClass -->
        <test-method signature="runScenario(io.cucumber.testng.PickleWrapper,io.cucumber.testng.FeatureWrapper)[pri:0, instance:cucumber.TestngRunner@4d1c005e]" started-at="2025-08-28T15:14:20 IST" name="runScenario" description="Runs Cucumber Scenarios" data-provider="scenarios" finished-at="2025-08-28T15:14:26 IST" duration-ms="5204" status="PASS">
          <params>
            <param index="0">
              <value>
                <![CDATA["I perform negative test cases"]]>
              </value>
            </param>
            <param index="1">
              <value>
                <![CDATA["verify login page"]]>
              </value>
            </param>
          </params>
          <reporter-output>
          </reporter-output>
        </test-method> <!-- runScenario -->
        <test-method is-config="true" signature="tearDownClass()[pri:0, instance:cucumber.TestngRunner@4d1c005e]" started-at="2025-08-28T15:14:26 IST" name="tearDownClass" finished-at="2025-08-28T15:14:26 IST" duration-ms="34" status="PASS">
          <reporter-output>
          </reporter-output>
        </test-method> <!-- tearDownClass -->
      </class> <!-- cucumber.TestngRunner -->
    </test> <!-- Default test -->
  </suite> <!-- Default suite -->
</testng-results>
